<?xml version="1.0" encoding="UTF-8"?>
<!-- Generated by org.testng.reporters.JUnitReportReporter -->
<testsuite hostname="DESKTOP-60NN6LG" failures="0" tests="2" name="rahulshettyacademy.tests.ErrorValidationsTest" time="14.551" errors="0" timestamp="2024-10-02T15:19:17 IST" skipped="0">
  <testcase classname="rahulshettyacademy.tests.ErrorValidationsTest" name="LoginErrorValidation" time="6.839"/>
  <testcase classname="rahulshettyacademy.tests.ErrorValidationsTest" name="ProductErrorValidation" time="7.712"/>
</testsuite> <!-- rahulshettyacademy.tests.ErrorValidationsTest -->
