<?xml version="1.0" encoding="UTF-8"?>
<!-- Generated by org.testng.reporters.JUnitReportReporter -->
<testsuite hostname="DESKTOP-60NN6LG" failures="0" tests="3" name="rahulshettyacademy.tests.SubmitOrderTest" time="21.697" errors="0" timestamp="2024-10-02T15:19:17 IST" skipped="0">
  <testcase classname="rahulshettyacademy.tests.SubmitOrderTest" name="submitOrder" time="7.589"/>
  <testcase classname="rahulshettyacademy.tests.SubmitOrderTest" name="OrderHistoryTest" time="6.868"/>
  <testcase classname="rahulshettyacademy.tests.SubmitOrderTest" name="submitOrder" time="7.240"/>
</testsuite> <!-- rahulshettyacademy.tests.SubmitOrderTest -->
